{"name": "Проверка закрытия модального окна с деталями ингредиента", "status": "broken", "statusDetails": {"message": "selenium.common.exceptions.TimeoutException: Message: \nStacktrace:\n\tGetHandleVerifier [0x00007FF79D5682B2+55298]\n\t(No symbol) [0x00007FF79D4D5E02]\n\t(No symbol) [0x00007FF79D3905AB]\n\t(No symbol) [0x00007FF79D3D175C]\n\t(No symbol) [0x00007FF79D3D18DC]\n\t(No symbol) [0x00007FF79D40CBC7]\n\t(No symbol) [0x00007FF79D3F20EF]\n\t(No symbol) [0x00007FF79D40AAA4]\n\t(No symbol) [0x00007FF79D3F1E83]\n\t(No symbol) [0x00007FF79D3C670A]\n\t(No symbol) [0x00007FF79D3C7964]\n\tGetHandleVerifier [0x00007FF79D8E0AAB+3694587]\n\tGetHandleVerifier [0x00007FF79D93728E+4048862]\n\tGetHandleVerifier [0x00007FF79D92F173+4015811]\n\tGetHandleVerifier [0x00007FF79D6047D6+695590]\n\t(No symbol) [0x00007FF79D4E0CE8]\n\t(No symbol) [0x00007FF79D4DCF34]\n\t(No symbol) [0x00007FF79D4DD062]\n\t(No symbol) [0x00007FF79D4CD3A3]\n\tBaseThreadInitThunk [0x00007FF9706E7344+20]\n\tRtlUserThreadStart [0x00007FF971FE26B1+33]", "trace": "self = <tests.test_main_functionality.TestMainFunctionality object at 0x0000029B48E00650>, main_page = <selenium.webdriver.chrome.webdriver.WebDriver (session=\"0df21fc0983dc3a169661549a48ddbfe\")>\n\n    @allure.title('Проверка закрытия модального окна с деталями ингредиента')\n    @allure.description('Открыть модальное окно с деталями ингредиента и закрыть кликнув на Х')\n    def test_close_ingredient_details_modal_window_by_clicking_x(self, main_page):\n        self.driver = main_page\n        page = MainPage(self.driver)\n        page.wait_for_main_page_loaded()\n>       page.click_on_ingredient()\n\ntests\\test_main_functionality.py:44: \n_ _ _ _ _ _ _ _ _ _ _ _ _ _ _ _ _ _ _ _ _ _ _ _ _ _ _ _ _ _ _ _ _ _ _ _ _ _ _ _ _ _ _ _ _ _ _ _ _ _ _ _ _ _ _ _ _ _ _ _ _ _ _ _ _ _ _ _ _ _ _ _ _ _ _ _ _ _ _ _ _ _ _ _ _ _ _ _ _ _ _ _ _ _ _ _ _ _ _ _ _ _ _ _ _ _ _ _ _ _ _ _ _ _\npages\\main_page.py:29: in click_on_ingredient\n    self.click_on_element(IngredientsLocators.BUN_1)\npages\\base_page.py:13: in click_on_element\n    WebDriverWait(self.driver, 5).until(expected_conditions.visibility_of_element_located(element)).click()\n_ _ _ _ _ _ _ _ _ _ _ _ _ _ _ _ _ _ _ _ _ _ _ _ _ _ _ _ _ _ _ _ _ _ _ _ _ _ _ _ _ _ _ _ _ _ _ _ _ _ _ _ _ _ _ _ _ _ _ _ _ _ _ _ _ _ _ _ _ _ _ _ _ _ _ _ _ _ _ _ _ _ _ _ _ _ _ _ _ _ _ _ _ _ _ _ _ _ _ _ _ _ _ _ _ _ _ _ _ _ _ _ _ _\n\nself = <selenium.webdriver.support.wait.WebDriverWait (session=\"0df21fc0983dc3a169661549a48ddbfe\")>, method = <function visibility_of_element_located.<locals>._predicate at 0x0000029B48E37380>, message = ''\n\n    def until(self, method: Callable[[D], Union[Literal[False], T]], message: str = \"\") -> T:\n        \"\"\"Calls the method provided with the driver as an argument until the \\\n        return value does not evaluate to ``False``.\n    \n        :param method: callable(WebDriver)\n        :param message: optional message for :exc:`TimeoutException`\n        :returns: the result of the last call to `method`\n        :raises: :exc:`selenium.common.exceptions.TimeoutException` if timeout occurs\n        \"\"\"\n        screen = None\n        stacktrace = None\n    \n        end_time = time.monotonic() + self._timeout\n        while True:\n            try:\n                value = method(self._driver)\n                if value:\n                    return value\n            except self._ignored_exceptions as exc:\n                screen = getattr(exc, \"screen\", None)\n                stacktrace = getattr(exc, \"stacktrace\", None)\n            time.sleep(self._poll)\n            if time.monotonic() > end_time:\n                break\n>       raise TimeoutException(message, screen, stacktrace)\nE       selenium.common.exceptions.TimeoutException: Message: \nE       Stacktrace:\nE       \tGetHandleVerifier [0x00007FF79D5682B2+55298]\nE       \t(No symbol) [0x00007FF79D4D5E02]\nE       \t(No symbol) [0x00007FF79D3905AB]\nE       \t(No symbol) [0x00007FF79D3D175C]\nE       \t(No symbol) [0x00007FF79D3D18DC]\nE       \t(No symbol) [0x00007FF79D40CBC7]\nE       \t(No symbol) [0x00007FF79D3F20EF]\nE       \t(No symbol) [0x00007FF79D40AAA4]\nE       \t(No symbol) [0x00007FF79D3F1E83]\nE       \t(No symbol) [0x00007FF79D3C670A]\nE       \t(No symbol) [0x00007FF79D3C7964]\nE       \tGetHandleVerifier [0x00007FF79D8E0AAB+3694587]\nE       \tGetHandleVerifier [0x00007FF79D93728E+4048862]\nE       \tGetHandleVerifier [0x00007FF79D92F173+4015811]\nE       \tGetHandleVerifier [0x00007FF79D6047D6+695590]\nE       \t(No symbol) [0x00007FF79D4E0CE8]\nE       \t(No symbol) [0x00007FF79D4DCF34]\nE       \t(No symbol) [0x00007FF79D4DD062]\nE       \t(No symbol) [0x00007FF79D4CD3A3]\nE       \tBaseThreadInitThunk [0x00007FF9706E7344+20]\nE       \tRtlUserThreadStart [0x00007FF971FE26B1+33]\n\nvenv\\Lib\\site-packages\\selenium\\webdriver\\support\\wait.py:105: TimeoutException"}, "description": "Открыть модальное окно с деталями ингредиента и закрыть кликнув на Х", "steps": [{"name": "Ожидание загрузки главной страницы", "status": "passed", "start": 1704993523429, "stop": 1704993523444}, {"name": "Клик на ингредиенте булочка_1", "status": "broken", "statusDetails": {"message": "selenium.common.exceptions.TimeoutException: Message: \nStacktrace:\n\tGetHandleVerifier [0x00007FF79D5682B2+55298]\n\t(No symbol) [0x00007FF79D4D5E02]\n\t(No symbol) [0x00007FF79D3905AB]\n\t(No symbol) [0x00007FF79D3D175C]\n\t(No symbol) [0x00007FF79D3D18DC]\n\t(No symbol) [0x00007FF79D40CBC7]\n\t(No symbol) [0x00007FF79D3F20EF]\n\t(No symbol) [0x00007FF79D40AAA4]\n\t(No symbol) [0x00007FF79D3F1E83]\n\t(No symbol) [0x00007FF79D3C670A]\n\t(No symbol) [0x00007FF79D3C7964]\n\tGetHandleVerifier [0x00007FF79D8E0AAB+3694587]\n\tGetHandleVerifier [0x00007FF79D93728E+4048862]\n\tGetHandleVerifier [0x00007FF79D92F173+4015811]\n\tGetHandleVerifier [0x00007FF79D6047D6+695590]\n\t(No symbol) [0x00007FF79D4E0CE8]\n\t(No symbol) [0x00007FF79D4DCF34]\n\t(No symbol) [0x00007FF79D4DD062]\n\t(No symbol) [0x00007FF79D4CD3A3]\n\tBaseThreadInitThunk [0x00007FF9706E7344+20]\n\tRtlUserThreadStart [0x00007FF971FE26B1+33]\n\n", "trace": "  File \"C:\\Users\\user\\PycharmProjects\\Diplom\\Diplom_3\\venv\\Lib\\site-packages\\allure_commons\\_allure.py\", line 192, in impl\n    return func(*a, **kw)\n           ^^^^^^^^^^^^^^\n  File \"C:\\Users\\user\\PycharmProjects\\Diplom\\Diplom_3\\pages\\main_page.py\", line 29, in click_on_ingredient\n    self.click_on_element(IngredientsLocators.BUN_1)\n  File \"C:\\Users\\user\\PycharmProjects\\Diplom\\Diplom_3\\pages\\base_page.py\", line 13, in click_on_element\n    WebDriverWait(self.driver, 5).until(expected_conditions.visibility_of_element_located(element)).click()\n    ^^^^^^^^^^^^^^^^^^^^^^^^^^^^^^^^^^^^^^^^^^^^^^^^^^^^^^^^^^^^^^^^^^^^^^^^^^^^^^^^^^^^^^^^^^^^^^^\n  File \"C:\\Users\\user\\PycharmProjects\\Diplom\\Diplom_3\\venv\\Lib\\site-packages\\selenium\\webdriver\\support\\wait.py\", line 105, in until\n    raise TimeoutException(message, screen, stacktrace)\n"}, "start": 1704993523444, "stop": 1704993528506}], "start": 1704993523429, "stop": 1704993528507, "uuid": "8215fc4a-a40e-440a-b482-497ce796fb7e", "historyId": "1561acf13eb71134233b50d9b7084872", "testCaseId": "1561acf13eb71134233b50d9b7084872", "fullName": "tests.test_main_functionality.TestMainFunctionality#test_close_ingredient_details_modal_window_by_clicking_x", "labels": [{"name": "parentSuite", "value": "tests"}, {"name": "suite", "value": "test_main_functionality"}, {"name": "subSuite", "value": "TestMainFunctionality"}, {"name": "host", "value": "ARSENIY-PC"}, {"name": "thread", "value": "45504-MainThread"}, {"name": "framework", "value": "pytest"}, {"name": "language", "value": "cpython3"}, {"name": "package", "value": "tests.test_main_functionality"}]}