{"name": "Проверка перехода на страницу сброса пароля после ввода email", "status": "broken", "statusDetails": {"message": "selenium.common.exceptions.TimeoutException: Message: \nStacktrace:\n\tGetHandleVerifier [0x00007FF79D5682B2+55298]\n\t(No symbol) [0x00007FF79D4D5E02]\n\t(No symbol) [0x00007FF79D3905AB]\n\t(No symbol) [0x00007FF79D3D175C]\n\t(No symbol) [0x00007FF79D3D18DC]\n\t(No symbol) [0x00007FF79D40CBC7]\n\t(No symbol) [0x00007FF79D3F20EF]\n\t(No symbol) [0x00007FF79D40AAA4]\n\t(No symbol) [0x00007FF79D3F1E83]\n\t(No symbol) [0x00007FF79D3C670A]\n\t(No symbol) [0x00007FF79D3C7964]\n\tGetHandleVerifier [0x00007FF79D8E0AAB+3694587]\n\tGetHandleVerifier [0x00007FF79D93728E+4048862]\n\tGetHandleVerifier [0x00007FF79D92F173+4015811]\n\tGetHandleVerifier [0x00007FF79D6047D6+695590]\n\t(No symbol) [0x00007FF79D4E0CE8]\n\t(No symbol) [0x00007FF79D4DCF34]\n\t(No symbol) [0x00007FF79D4DD062]\n\t(No symbol) [0x00007FF79D4CD3A3]\n\tBaseThreadInitThunk [0x00007FF9706E7344+20]\n\tRtlUserThreadStart [0x00007FF971FE26B1+33]", "trace": "self = <tests.test_password_recovery.TestPasswordRecovery object at 0x00000219F31E8410>, forgot_password_page = <selenium.webdriver.chrome.webdriver.WebDriver (session=\"1f10e13915f1c3c4759ecc984bb0bd19\")>\n\n    @allure.title('Проверка перехода на страницу сброса пароля после ввода email')\n    @allure.description('Ввести email зарегистрированного юзера на странице восстановления пароля')\n    def test_input_email_and_click_recover_button(self, forgot_password_page):\n        access_token, email, user, password = helper.create_user()\n        self.driver = forgot_password_page\n        page = ForgotPasswordPage(self.driver)\n        page.click_email_input_field()\n        page.input_email(email)\n        page.click_recover_button()\n        page = ResetPasswordPage(self.driver)\n>       page.wait_for_reset_password_page_loaded()\n\ntests\\test_password_recovery.py:29: \n_ _ _ _ _ _ _ _ _ _ _ _ _ _ _ _ _ _ _ _ _ _ _ _ _ _ _ _ _ _ _ _ _ _ _ _ _ _ _ _ _ _ _ _ _ _ _ _ _ _ _ _ _ _ _ _ _ _ _ _ _ _ _ _ _ _ _ _ _ _ _ _ _ _ _ _ _ _ _ _ _ _ _ _ _ _ _ _ _ _ _ _ _ _ _ _ _ _ _ _ _ _ _ _ _ _ _ _ _ _ _ _ _ _\npages\\reset_password_page.py:10: in wait_for_reset_password_page_loaded\n    return self.wait_for_element_located(ResetPasswordPageLocators.ENTER_CODE_FROM_EMAIL_LABEL[1])\npages\\base_page.py:32: in wait_for_element_located\n    WebDriverWait(self.driver, 5).until(expected_conditions.visibility_of_element_located((By.XPATH, element)))\n_ _ _ _ _ _ _ _ _ _ _ _ _ _ _ _ _ _ _ _ _ _ _ _ _ _ _ _ _ _ _ _ _ _ _ _ _ _ _ _ _ _ _ _ _ _ _ _ _ _ _ _ _ _ _ _ _ _ _ _ _ _ _ _ _ _ _ _ _ _ _ _ _ _ _ _ _ _ _ _ _ _ _ _ _ _ _ _ _ _ _ _ _ _ _ _ _ _ _ _ _ _ _ _ _ _ _ _ _ _ _ _ _ _\n\nself = <selenium.webdriver.support.wait.WebDriverWait (session=\"1f10e13915f1c3c4759ecc984bb0bd19\")>, method = <function visibility_of_element_located.<locals>._predicate at 0x00000219F32C0040>, message = ''\n\n    def until(self, method: Callable[[D], Union[Literal[False], T]], message: str = \"\") -> T:\n        \"\"\"Calls the method provided with the driver as an argument until the \\\n        return value does not evaluate to ``False``.\n    \n        :param method: callable(WebDriver)\n        :param message: optional message for :exc:`TimeoutException`\n        :returns: the result of the last call to `method`\n        :raises: :exc:`selenium.common.exceptions.TimeoutException` if timeout occurs\n        \"\"\"\n        screen = None\n        stacktrace = None\n    \n        end_time = time.monotonic() + self._timeout\n        while True:\n            try:\n                value = method(self._driver)\n                if value:\n                    return value\n            except self._ignored_exceptions as exc:\n                screen = getattr(exc, \"screen\", None)\n                stacktrace = getattr(exc, \"stacktrace\", None)\n            time.sleep(self._poll)\n            if time.monotonic() > end_time:\n                break\n>       raise TimeoutException(message, screen, stacktrace)\nE       selenium.common.exceptions.TimeoutException: Message: \nE       Stacktrace:\nE       \tGetHandleVerifier [0x00007FF79D5682B2+55298]\nE       \t(No symbol) [0x00007FF79D4D5E02]\nE       \t(No symbol) [0x00007FF79D3905AB]\nE       \t(No symbol) [0x00007FF79D3D175C]\nE       \t(No symbol) [0x00007FF79D3D18DC]\nE       \t(No symbol) [0x00007FF79D40CBC7]\nE       \t(No symbol) [0x00007FF79D3F20EF]\nE       \t(No symbol) [0x00007FF79D40AAA4]\nE       \t(No symbol) [0x00007FF79D3F1E83]\nE       \t(No symbol) [0x00007FF79D3C670A]\nE       \t(No symbol) [0x00007FF79D3C7964]\nE       \tGetHandleVerifier [0x00007FF79D8E0AAB+3694587]\nE       \tGetHandleVerifier [0x00007FF79D93728E+4048862]\nE       \tGetHandleVerifier [0x00007FF79D92F173+4015811]\nE       \tGetHandleVerifier [0x00007FF79D6047D6+695590]\nE       \t(No symbol) [0x00007FF79D4E0CE8]\nE       \t(No symbol) [0x00007FF79D4DCF34]\nE       \t(No symbol) [0x00007FF79D4DD062]\nE       \t(No symbol) [0x00007FF79D4CD3A3]\nE       \tBaseThreadInitThunk [0x00007FF9706E7344+20]\nE       \tRtlUserThreadStart [0x00007FF971FE26B1+33]\n\nvenv\\Lib\\site-packages\\selenium\\webdriver\\support\\wait.py:105: TimeoutException"}, "description": "Ввести email зарегистрированного юзера на странице восстановления пароля", "steps": [{"name": "Клик по полю ввода email", "status": "passed", "start": 1704993902060, "stop": 1704993902104}, {"name": "Ввод email в поле ввода", "status": "passed", "parameters": [{"name": "email", "value": "'ewfmvcgnmn@vizlio.ru'"}], "start": 1704993902104, "stop": 1704993902138}, {"name": "Клик по конпке Восстановить пароль", "status": "passed", "start": 1704993902138, "stop": 1704993902173}, {"name": "Ожидание загрузки страницы сброса пароля", "status": "broken", "statusDetails": {"message": "selenium.common.exceptions.TimeoutException: Message: \nStacktrace:\n\tGetHandleVerifier [0x00007FF79D5682B2+55298]\n\t(No symbol) [0x00007FF79D4D5E02]\n\t(No symbol) [0x00007FF79D3905AB]\n\t(No symbol) [0x00007FF79D3D175C]\n\t(No symbol) [0x00007FF79D3D18DC]\n\t(No symbol) [0x00007FF79D40CBC7]\n\t(No symbol) [0x00007FF79D3F20EF]\n\t(No symbol) [0x00007FF79D40AAA4]\n\t(No symbol) [0x00007FF79D3F1E83]\n\t(No symbol) [0x00007FF79D3C670A]\n\t(No symbol) [0x00007FF79D3C7964]\n\tGetHandleVerifier [0x00007FF79D8E0AAB+3694587]\n\tGetHandleVerifier [0x00007FF79D93728E+4048862]\n\tGetHandleVerifier [0x00007FF79D92F173+4015811]\n\tGetHandleVerifier [0x00007FF79D6047D6+695590]\n\t(No symbol) [0x00007FF79D4E0CE8]\n\t(No symbol) [0x00007FF79D4DCF34]\n\t(No symbol) [0x00007FF79D4DD062]\n\t(No symbol) [0x00007FF79D4CD3A3]\n\tBaseThreadInitThunk [0x00007FF9706E7344+20]\n\tRtlUserThreadStart [0x00007FF971FE26B1+33]\n\n", "trace": "  File \"C:\\Users\\user\\PycharmProjects\\Diplom\\Diplom_3\\venv\\Lib\\site-packages\\allure_commons\\_allure.py\", line 192, in impl\n    return func(*a, **kw)\n           ^^^^^^^^^^^^^^\n  File \"C:\\Users\\user\\PycharmProjects\\Diplom\\Diplom_3\\pages\\reset_password_page.py\", line 10, in wait_for_reset_password_page_loaded\n    return self.wait_for_element_located(ResetPasswordPageLocators.ENTER_CODE_FROM_EMAIL_LABEL[1])\n           ^^^^^^^^^^^^^^^^^^^^^^^^^^^^^^^^^^^^^^^^^^^^^^^^^^^^^^^^^^^^^^^^^^^^^^^^^^^^^^^^^^^^^^^\n  File \"C:\\Users\\user\\PycharmProjects\\Diplom\\Diplom_3\\pages\\base_page.py\", line 32, in wait_for_element_located\n    WebDriverWait(self.driver, 5).until(expected_conditions.visibility_of_element_located((By.XPATH, element)))\n  File \"C:\\Users\\user\\PycharmProjects\\Diplom\\Diplom_3\\venv\\Lib\\site-packages\\selenium\\webdriver\\support\\wait.py\", line 105, in until\n    raise TimeoutException(message, screen, stacktrace)\n"}, "start": 1704993902173, "stop": 1704993907234}], "start": 1704993901509, "stop": 1704993907235, "uuid": "6409d2c6-a9cb-486d-aba2-c144ea9996c2", "historyId": "0f8a25305519114bb67dc76cd47e7396", "testCaseId": "0f8a25305519114bb67dc76cd47e7396", "fullName": "tests.test_password_recovery.TestPasswordRecovery#test_input_email_and_click_recover_button", "labels": [{"name": "parentSuite", "value": "tests"}, {"name": "suite", "value": "test_password_recovery"}, {"name": "subSuite", "value": "TestPasswordRecovery"}, {"name": "host", "value": "ARSENIY-PC"}, {"name": "thread", "value": "23724-MainThread"}, {"name": "framework", "value": "pytest"}, {"name": "language", "value": "cpython3"}, {"name": "package", "value": "tests.test_password_recovery"}]}