{"uuid": "01cc3338-c6fd-4a4c-8e6b-d227e4f87ea8", "children": ["a6baafe4-e253-4f58-a8f7-aa4058636897"], "befores": [{"name": "main_page_logged_in", "status": "broken", "statusDetails": {"message": "selenium.common.exceptions.NoSuchWindowException: Message: no such window: target window already closed\nfrom unknown error: web view not found\n  (Session info: chrome=119.0.6045.160)\nStacktrace:\n\tGetHandleVerifier [0x00007FF79D5682B2+55298]\n\t(No symbol) [0x00007FF79D4D5E02]\n\t(No symbol) [0x00007FF79D3905AB]\n\t(No symbol) [0x00007FF79D370038]\n\t(No symbol) [0x00007FF79D3F6BC7]\n\t(No symbol) [0x00007FF79D40A15F]\n\t(No symbol) [0x00007FF79D3F1E83]\n\t(No symbol) [0x00007FF79D3C670A]\n\t(No symbol) [0x00007FF79D3C7964]\n\tGetHandleVerifier [0x00007FF79D8E0AAB+3694587]\n\tGetHandleVerifier [0x00007FF79D93728E+4048862]\n\tGetHandleVerifier [0x00007FF79D92F173+4015811]\n\tGetHandleVerifier [0x00007FF79D6047D6+695590]\n\t(No symbol) [0x00007FF79D4E0CE8]\n\t(No symbol) [0x00007FF79D4DCF34]\n\t(No symbol) [0x00007FF79D4DD062]\n\t(No symbol) [0x00007FF79D4CD3A3]\n\tBaseThreadInitThunk [0x00007FF9706E7344+20]\n\tRtlUserThreadStart [0x00007FF971FE26B1+33]\n\n", "trace": "  File \"C:\\Users\\user\\PycharmProjects\\Diplom\\Diplom_3\\venv\\Lib\\site-packages\\pluggy\\_callers.py\", line 77, in _multicall\n    res = hook_impl.function(*args)\n          ^^^^^^^^^^^^^^^^^^^^^^^^^\n  File \"C:\\Users\\user\\PycharmProjects\\Diplom\\Diplom_3\\venv\\Lib\\site-packages\\_pytest\\fixtures.py\", line 1123, in pytest_fixture_setup\n    result = call_fixture_func(fixturefunc, request, kwargs)\n             ^^^^^^^^^^^^^^^^^^^^^^^^^^^^^^^^^^^^^^^^^^^^^^^\n  File \"C:\\Users\\user\\PycharmProjects\\Diplom\\Diplom_3\\venv\\Lib\\site-packages\\_pytest\\fixtures.py\", line 895, in call_fixture_func\n    fixture_result = next(generator)\n                     ^^^^^^^^^^^^^^^\n  File \"C:\\Users\\user\\PycharmProjects\\Diplom\\Diplom_3\\conftest.py\", line 68, in main_page_logged_in\n    page.wait_for_overlay_disappear()\n  File \"C:\\Users\\user\\PycharmProjects\\Diplom\\Diplom_3\\venv\\Lib\\site-packages\\allure_commons\\_allure.py\", line 192, in impl\n    return func(*a, **kw)\n           ^^^^^^^^^^^^^^\n  File \"C:\\Users\\user\\PycharmProjects\\Diplom\\Diplom_3\\pages\\login_page.py\", line 13, in wait_for_overlay_disappear\n    self.wait_for_invisibility_of_element_located(LoginPageLocators.MODAL_OVERLAY)\n  File \"C:\\Users\\user\\PycharmProjects\\Diplom\\Diplom_3\\pages\\base_page.py\", line 40, in wait_for_invisibility_of_element_located\n    WebDriverWait(self.driver, 5).until(expected_conditions.invisibility_of_element_located((By.XPATH, element)))\n  File \"C:\\Users\\user\\PycharmProjects\\Diplom\\Diplom_3\\venv\\Lib\\site-packages\\selenium\\webdriver\\support\\wait.py\", line 96, in until\n    value = method(self._driver)\n            ^^^^^^^^^^^^^^^^^^^^\n  File \"C:\\Users\\user\\PycharmProjects\\Diplom\\Diplom_3\\venv\\Lib\\site-packages\\selenium\\webdriver\\support\\expected_conditions.py\", line 325, in _predicate\n    target = driver.find_element(*target)\n             ^^^^^^^^^^^^^^^^^^^^^^^^^^^^\n  File \"C:\\Users\\user\\PycharmProjects\\Diplom\\Diplom_3\\venv\\Lib\\site-packages\\selenium\\webdriver\\remote\\webdriver.py\", line 742, in find_element\n    return self.execute(Command.FIND_ELEMENT, {\"using\": by, \"value\": value})[\"value\"]\n           ^^^^^^^^^^^^^^^^^^^^^^^^^^^^^^^^^^^^^^^^^^^^^^^^^^^^^^^^^^^^^^^^^\n  File \"C:\\Users\\user\\PycharmProjects\\Diplom\\Diplom_3\\venv\\Lib\\site-packages\\selenium\\webdriver\\remote\\webdriver.py\", line 348, in execute\n    self.error_handler.check_response(response)\n  File \"C:\\Users\\user\\PycharmProjects\\Diplom\\Diplom_3\\venv\\Lib\\site-packages\\selenium\\webdriver\\remote\\errorhandler.py\", line 229, in check_response\n    raise exception_class(message, screen, stacktrace)\n"}, "steps": [{"name": "Ждать пока закончится анимация загрузки Modal_overlay", "status": "broken", "statusDetails": {"message": "selenium.common.exceptions.NoSuchWindowException: Message: no such window: target window already closed\nfrom unknown error: web view not found\n  (Session info: chrome=119.0.6045.160)\nStacktrace:\n\tGetHandleVerifier [0x00007FF79D5682B2+55298]\n\t(No symbol) [0x00007FF79D4D5E02]\n\t(No symbol) [0x00007FF79D3905AB]\n\t(No symbol) [0x00007FF79D370038]\n\t(No symbol) [0x00007FF79D3F6BC7]\n\t(No symbol) [0x00007FF79D40A15F]\n\t(No symbol) [0x00007FF79D3F1E83]\n\t(No symbol) [0x00007FF79D3C670A]\n\t(No symbol) [0x00007FF79D3C7964]\n\tGetHandleVerifier [0x00007FF79D8E0AAB+3694587]\n\tGetHandleVerifier [0x00007FF79D93728E+4048862]\n\tGetHandleVerifier [0x00007FF79D92F173+4015811]\n\tGetHandleVerifier [0x00007FF79D6047D6+695590]\n\t(No symbol) [0x00007FF79D4E0CE8]\n\t(No symbol) [0x00007FF79D4DCF34]\n\t(No symbol) [0x00007FF79D4DD062]\n\t(No symbol) [0x00007FF79D4CD3A3]\n\tBaseThreadInitThunk [0x00007FF9706E7344+20]\n\tRtlUserThreadStart [0x00007FF971FE26B1+33]\n\n", "trace": "  File \"C:\\Users\\user\\PycharmProjects\\Diplom\\Diplom_3\\venv\\Lib\\site-packages\\allure_commons\\_allure.py\", line 192, in impl\n    return func(*a, **kw)\n           ^^^^^^^^^^^^^^\n  File \"C:\\Users\\user\\PycharmProjects\\Diplom\\Diplom_3\\pages\\login_page.py\", line 13, in wait_for_overlay_disappear\n    self.wait_for_invisibility_of_element_located(LoginPageLocators.MODAL_OVERLAY)\n  File \"C:\\Users\\user\\PycharmProjects\\Diplom\\Diplom_3\\pages\\base_page.py\", line 40, in wait_for_invisibility_of_element_located\n    WebDriverWait(self.driver, 5).until(expected_conditions.invisibility_of_element_located((By.XPATH, element)))\n  File \"C:\\Users\\user\\PycharmProjects\\Diplom\\Diplom_3\\venv\\Lib\\site-packages\\selenium\\webdriver\\support\\wait.py\", line 96, in until\n    value = method(self._driver)\n            ^^^^^^^^^^^^^^^^^^^^\n  File \"C:\\Users\\user\\PycharmProjects\\Diplom\\Diplom_3\\venv\\Lib\\site-packages\\selenium\\webdriver\\support\\expected_conditions.py\", line 325, in _predicate\n    target = driver.find_element(*target)\n             ^^^^^^^^^^^^^^^^^^^^^^^^^^^^\n  File \"C:\\Users\\user\\PycharmProjects\\Diplom\\Diplom_3\\venv\\Lib\\site-packages\\selenium\\webdriver\\remote\\webdriver.py\", line 742, in find_element\n    return self.execute(Command.FIND_ELEMENT, {\"using\": by, \"value\": value})[\"value\"]\n           ^^^^^^^^^^^^^^^^^^^^^^^^^^^^^^^^^^^^^^^^^^^^^^^^^^^^^^^^^^^^^^^^^\n  File \"C:\\Users\\user\\PycharmProjects\\Diplom\\Diplom_3\\venv\\Lib\\site-packages\\selenium\\webdriver\\remote\\webdriver.py\", line 348, in execute\n    self.error_handler.check_response(response)\n  File \"C:\\Users\\user\\PycharmProjects\\Diplom\\Diplom_3\\venv\\Lib\\site-packages\\selenium\\webdriver\\remote\\errorhandler.py\", line 229, in check_response\n    raise exception_class(message, screen, stacktrace)\n"}, "start": 1704993222359, "stop": 1704993222360}], "start": 1704993188130, "stop": 1704993222374}], "start": 1704993188130, "stop": 1704993222523}